0 info it worked if it ends with ok
1 verbose cli [
1 verbose cli   'D:\\Environment\\nodejs\\node.exe',
1 verbose cli   'D:\\Environment\\nodejs\\node_modules\\npm\\bin\\npm-cli.js',
1 verbose cli   'run',
1 verbose cli   'dev'
1 verbose cli ]
2 info using npm@3.10.8
3 info using node@v12.5.0
4 verbose run-script [ 'predev', 'dev', 'postdev' ]
5 info lifecycle Hybrid-keepAccounts@1.0.0~predev: Hybrid-keepAccounts@1.0.0
6 silly lifecycle Hybrid-keepAccounts@1.0.0~predev: no script for predev, continuing
7 info lifecycle Hybrid-keepAccounts@1.0.0~dev: Hybrid-keepAccounts@1.0.0
8 verbose lifecycle Hybrid-keepAccounts@1.0.0~dev: unsafe-perm in lifecycle true
9 verbose lifecycle Hybrid-keepAccounts@1.0.0~dev: PATH: D:\Environment\nvm\v12.5.0\node_modules\npm\bin\node-gyp-bin;E:\换机\github项目\Hybrid-keepAccounts\node_modules\.bin;C:\Program Files (x86)\Common Files\Oracle\Java\javapath;C:\WINDOWS\system32;C:\WINDOWS;C:\WINDOWS\System32\Wbem;C:\WINDOWS\System32\WindowsPowerShell\v1.0\;D:\Environment\nvm;D:\Environment\nodejs;D:\Environment\Git\cmd;C:\WINDOWS\System32\OpenSSH\;D:\Environment\nvm;C:\Program Files\Java\jdk1.8.0_181\bin;C:\Users\Air\AppData\Local\Android\Sdk\tools;C:\Users\Air\AppData\Local\Android\Sdk\platfrom-tools;D:\Environment\gradle-6.2\bin;D:\Environment\python;
10 verbose lifecycle Hybrid-keepAccounts@1.0.0~dev: CWD: E:\换机\github项目\Hybrid-keepAccounts
11 silly lifecycle Hybrid-keepAccounts@1.0.0~dev: Args: [ '/d /s /c', 'webpack-dev-server --hot --open --contentBase dist' ]
12 silly lifecycle Hybrid-keepAccounts@1.0.0~dev: Returned: code: 3221225786  signal: null
13 info lifecycle Hybrid-keepAccounts@1.0.0~dev: Failed to exec dev script
14 verbose stack Error: Hybrid-keepAccounts@1.0.0 dev: `webpack-dev-server --hot --open --contentBase dist`
14 verbose stack Exit status 3221225786
14 verbose stack     at EventEmitter.<anonymous> (D:\Environment\nvm\v12.5.0\node_modules\npm\lib\utils\lifecycle.js:255:16)
14 verbose stack     at EventEmitter.emit (events.js:200:13)
14 verbose stack     at ChildProcess.<anonymous> (D:\Environment\nvm\v12.5.0\node_modules\npm\lib\utils\spawn.js:40:14)
14 verbose stack     at ChildProcess.emit (events.js:200:13)
14 verbose stack     at maybeClose (internal/child_process.js:1021:16)
14 verbose stack     at Process.ChildProcess._handle.onexit (internal/child_process.js:283:5)
15 verbose pkgid Hybrid-keepAccounts@1.0.0
16 verbose cwd E:\换机\github项目\Hybrid-keepAccounts
17 error Windows_NT 10.0.18363
18 error argv "D:\\Environment\\nodejs\\node.exe" "D:\\Environment\\nodejs\\node_modules\\npm\\bin\\npm-cli.js" "run" "dev"
19 error node v12.5.0
20 error npm  v3.10.8
21 error code ELIFECYCLE
22 error Hybrid-keepAccounts@1.0.0 dev: `webpack-dev-server --hot --open --contentBase dist`
22 error Exit status 3221225786
23 error Failed at the Hybrid-keepAccounts@1.0.0 dev script 'webpack-dev-server --hot --open --contentBase dist'.
23 error Make sure you have the latest version of node.js and npm installed.
23 error If you do, this is most likely a problem with the Hybrid-keepAccounts package,
23 error not with npm itself.
23 error Tell the author that this fails on your system:
23 error     webpack-dev-server --hot --open --contentBase dist
23 error You can get information on how to open an issue for this project with:
23 error     npm bugs Hybrid-keepAccounts
23 error Or if that isn't available, you can get their info via:
23 error     npm owner ls Hybrid-keepAccounts
23 error There is likely additional logging output above.
24 verbose exit [ 1, true ]
